<?xml version="1.0" encoding="UTF-8"?>
<!-- Generated by org.testng.reporters.JUnitReportReporter -->
<testsuite hostname="Selva" failures="0" tests="3" name="com.ecommerce.TestProductDetails" time="0.016" errors="0" timestamp="2024-01-19T18:30:03 IST" skipped="0">
  <testcase classname="com.ecommerce.TestProductDetails" name="findProductdetails" time="0.014"/>
  <system-out/>
  <testcase classname="com.ecommerce.TestProductDetails" name="invalidproductdetails" time="0.001"/>
  <system-out/>
  <testcase classname="com.ecommerce.TestProductDetails" name="findproductdetailswithEmptyInput" time="0.001"/>
  <system-out/>
</testsuite> <!-- com.ecommerce.TestProductDetails -->
